2026-02-26 17:08:31 [ERROR] __main__ (cli.py:31): BINANCE_API_KEY and BINANCE_API_SECRET must be set in .env or environment.
2026-02-26 17:08:41 [ERROR] __main__ (cli.py:31): BINANCE_API_KEY and BINANCE_API_SECRET must be set in .env or environment.
2026-02-26 17:10:52 [INFO] bot.orders (orders.py:86): Placing BUY MARKET order | symbol=BTCUSDT qty=0.001 price=None stopPrice=None
2026-02-26 17:10:52 [DEBUG] bot.client (client.py:45): Request: POST https://testnet.binancefuture.com/fapi/v1/order params={'symbol': 'BTCUSDT', 'side': 'BUY', 'type': 'MARKET', 'quantity': '0.001', 'timestamp': 1772106052141, 'signature': '1c3d11dcb93a331392047a8386afee42f3b73eb49eb0677de37dce700311793d'}
2026-02-26 17:10:52 [ERROR] bot.client (client.py:55): HTTP error 401: {'code': -2015, 'msg': 'Invalid API-key, IP, or permissions for action'}
2026-02-26 17:10:52 [ERROR] __main__ (cli.py:142): Order failed: Binance API error -2015: Invalid API-key, IP, or permissions for action
2026-02-26 17:23:33 [INFO] bot.orders (orders.py:86): Placing BUY MARKET order | symbol=BTCUSDT qty=0.001 price=None stopPrice=None
2026-02-26 17:23:33 [DEBUG] bot.client (client.py:45): Request: POST https://testnet.binancefuture.com/fapi/v1/order params={'symbol': 'BTCUSDT', 'side': 'BUY', 'type': 'MARKET', 'quantity': '0.001', 'timestamp': 1772106813138, 'signature': '2f19b38d3e7d2eb4ea602cc80cf92a5d8791c9d15cce6b0538d76c98b71c8ea4'}
2026-02-26 17:23:33 [ERROR] bot.client (client.py:55): HTTP error 401: {'code': -2015, 'msg': 'Invalid API-key, IP, or permissions for action'}
2026-02-26 17:23:33 [ERROR] __main__ (cli.py:142): Order failed: Binance API error -2015: Invalid API-key, IP, or permissions for action
2026-02-26 17:32:10 [INFO] bot.orders (orders.py:86): Placing BUY MARKET order | symbol=BTCUSDT qty=0.001 price=None stopPrice=None
2026-02-26 17:32:10 [DEBUG] bot.client (client.py:45): Request: POST https://testnet.binancefuture.com/fapi/v1/order params={'symbol': 'BTCUSDT', 'side': 'BUY', 'type': 'MARKET', 'quantity': '0.001', 'timestamp': 1772107330320, 'signature': 'e3b061a5ab47ac19efd0478d75bc19c1580fb27ec9248ead7b6cde903fbe6c33'}
2026-02-26 17:32:11 [ERROR] bot.client (client.py:55): HTTP error 400: {'code': -4164, 'msg': "Order's notional must be no smaller than 100 (unless you choose reduce only)."}
2026-02-26 17:32:11 [ERROR] __main__ (cli.py:142): Order failed: Binance API error -4164: Order's notional must be no smaller than 100 (unless you choose reduce only).
2026-02-26 17:32:55 [INFO] bot.orders (orders.py:86): Placing BUY MARKET order | symbol=BTCUSDT qty=0.002 price=None stopPrice=None
2026-02-26 17:32:55 [DEBUG] bot.client (client.py:45): Request: POST https://testnet.binancefuture.com/fapi/v1/order params={'symbol': 'BTCUSDT', 'side': 'BUY', 'type': 'MARKET', 'quantity': '0.002', 'timestamp': 1772107375305, 'signature': '2f690b8506b10edb78140e1a4223c1c087f3e7a0ce3c6735684248dcffe26efe'}
2026-02-26 17:32:55 [DEBUG] bot.client (client.py:51): Response: {'orderId': 12550121725, 'symbol': 'BTCUSDT', 'status': 'NEW', 'clientOrderId': '6p1354AxCSWz4yAAfxu4pS', 'price': '0.00', 'avgPrice': '0.00', 'origQty': '0.002', 'executedQty': '0.000', 'cumQty': '0.000', 'cumQuote': '0.00000', 'timeInForce': 'GTC', 'type': 'MARKET', 'reduceOnly': False, 'closePosition': False, 'side': 'BUY', 'positionSide': 'BOTH', 'stopPrice': '0.00', 'workingType': 'CONTRACT_PRICE', 'priceProtect': False, 'origType': 'MARKET', 'priceMatch': 'NONE', 'selfTradePreventionMode': 'EXPIRE_MAKER', 'goodTillDate': 0, 'updateTime': 1772107375310}
2026-02-26 17:32:55 [INFO] bot.orders (orders.py:97): Order placed successfully | orderId=12550121725
2026-02-26 17:33:09 [INFO] bot.orders (orders.py:86): Placing BUY MARKET order | symbol=BTCUSDT qty=0.002 price=None stopPrice=None
2026-02-26 17:33:09 [DEBUG] bot.client (client.py:45): Request: POST https://testnet.binancefuture.com/fapi/v1/order params={'symbol': 'BTCUSDT', 'side': 'BUY', 'type': 'MARKET', 'quantity': '0.002', 'timestamp': 1772107389442, 'signature': '2c81f80a61b7382a617959976e7651f570ba44aa02d53a4bcb5836dea3d1f500'}
2026-02-26 17:33:10 [DEBUG] bot.client (client.py:51): Response: {'orderId': 12550122084, 'symbol': 'BTCUSDT', 'status': 'NEW', 'clientOrderId': 'tVTNM0ZNKOiX7VstB8aqpG', 'price': '0.00', 'avgPrice': '0.00', 'origQty': '0.002', 'executedQty': '0.000', 'cumQty': '0.000', 'cumQuote': '0.00000', 'timeInForce': 'GTC', 'type': 'MARKET', 'reduceOnly': False, 'closePosition': False, 'side': 'BUY', 'positionSide': 'BOTH', 'stopPrice': '0.00', 'workingType': 'CONTRACT_PRICE', 'priceProtect': False, 'origType': 'MARKET', 'priceMatch': 'NONE', 'selfTradePreventionMode': 'EXPIRE_MAKER', 'goodTillDate': 0, 'updateTime': 1772107389762}
2026-02-26 17:33:10 [INFO] bot.orders (orders.py:97): Order placed successfully | orderId=12550122084
2026-02-26 17:33:16 [INFO] bot.orders (orders.py:86): Placing SELL LIMIT order | symbol=BTCUSDT qty=0.002 price=70000 stopPrice=None
2026-02-26 17:33:16 [DEBUG] bot.client (client.py:45): Request: POST https://testnet.binancefuture.com/fapi/v1/order params={'symbol': 'BTCUSDT', 'side': 'SELL', 'type': 'LIMIT', 'quantity': '0.002', 'price': '70000', 'timeInForce': 'GTC', 'timestamp': 1772107396659, 'signature': 'd6c059c139184c47f37ba695b684ab1d90cce8a773783c320588b10b7a2ba687'}
2026-02-26 17:33:17 [DEBUG] bot.client (client.py:51): Response: {'orderId': 12550122322, 'symbol': 'BTCUSDT', 'status': 'NEW', 'clientOrderId': '1wuWKWKaw54C4NoDqjCPwU', 'price': '70000.00', 'avgPrice': '0.00', 'origQty': '0.002', 'executedQty': '0.000', 'cumQty': '0.000', 'cumQuote': '0.00000', 'timeInForce': 'GTC', 'type': 'LIMIT', 'reduceOnly': False, 'closePosition': False, 'side': 'SELL', 'positionSide': 'BOTH', 'stopPrice': '0.00', 'workingType': 'CONTRACT_PRICE', 'priceProtect': False, 'origType': 'LIMIT', 'priceMatch': 'NONE', 'selfTradePreventionMode': 'EXPIRE_MAKER', 'goodTillDate': 0, 'updateTime': 1772107397165}
2026-02-26 17:33:17 [INFO] bot.orders (orders.py:97): Order placed successfully | orderId=12550122322
